<?xml version="1.0" encoding="UTF-8"?>
<!-- Generated by org.testng.reporters.JUnitXMLReporter -->
<testsuite hostname="Tareqs-MacBook-Pro.local" ignored="0" name="BOA Search" tests="1" failures="1" timestamp="08 May 2018 08:49:08 GMT" time="5.134" errors="0">
  <testcase name="testse" time="0.002" classname="searchTest.TestSearch">
    <failure type="java.io.FileNotFoundException" message="/Users/tareq/Downloads/ShakeHasanSeleniumFremwork/BankOfAmericadata/file1.xls (No such file or directory)">
      <![CDATA[java.io.FileNotFoundException: /Users/tareq/Downloads/ShakeHasanSeleniumFremwork/BankOfAmericadata/file1.xls (No such file or directory)
at java.io.FileInputStream.open0(Native Method)
at java.io.FileInputStream.open(FileInputStream.java:195)
at java.io.FileInputStream.<init>(FileInputStream.java:138)
at utility.DataReader.fileReader2(DataReader.java:46)
at boaDB.ItemsToBeSearched.getDataFromExcelFile(ItemsToBeSearched.java:12)
at searchTest.TestSearch.testse(tSearch.java:11)
... Removed 24 stack frames]]>
    </failure>
  </testcase> <!-- testse -->
</testsuite> <!-- BOA Search -->
